Plugins:
  - Community Branch Plugin 1.14.0 (communityBranchPlugin)
Bundled analyzers:
  - Python Code Quality and Security 3.21.0.10628 (python)
  - Go Code Quality and Security 1.11.0.3905 (go)
  - JaCoCo 1.1.1.1157 (jacoco)
  - Kotlin Code Quality and Security 2.12.0.1956 (kotlin)
  - IaC Code Quality and Security 1.9.2.2279 (iac)
  - JavaScript/TypeScript/CSS Code Quality and Security 9.12.0.20319 (javascript)
  - Ruby Code Quality and Security 1.11.0.3905 (ruby)
  - Scala Code Quality and Security 1.11.0.3905 (sonarscala)
  - C# Code Quality and Security 8.50.0.58025 (csharp)
  - Java Code Quality and Security 7.15.0.30507 (java)
  - HTML Code Quality and Security 3.7.1.3306 (web)
  - Flex Code Quality and Security 2.8.0.3166 (flex)
  - XML Code Quality and Security 2.6.1.3686 (xml)
  - PHP Code Quality and Security 3.25.0.9077 (php)
  - Text file Code Quality and Security 1.2.0.510 (text)
  - VB.NET Code Quality and Security 8.50.0.58025 (vbnet)
  - Configuration detection fot Code Quality and Security 1.2.0.267 (config)
Global server settings:
  - sonar.core.id=92D88F0A-AYhDX_9G6gPduX8LATaj
  - sonar.core.startTime=2023-05-22T17:42:01+0530
  - sonar.forceAuthentication=true
  - sonar.plugins.risk.consent=ACCEPTED
Project server settings:
Project scanner properties:
  - sonar.exclusions=app/assets/**/*
  - sonar.host.url=http://localhost:9000
  - sonar.login=******
  - sonar.projectBaseDir=/home/a3logics/My-Drive/ROR-Demo
  - sonar.projectKey=com.company:MyProject
  - sonar.projectName=MyProjectr
  - sonar.projectVersion=master
  - sonar.ruby.coverage.reportPaths=coverage/.resultset.json
  - sonar.scanner.app=ScannerCli
  - sonar.scanner.appVersion=4.2.0.1873
  - sonar.sourceEncoding=UTF-8
  - sonar.sources=app, config, db, lib
  - sonar.verbose=true
  - sonar.working.directory=/home/a3logics/My-Drive/ROR-Demo/.scannerwork
